<?xml version="1.0" encoding="UTF-8"?>
<!-- Generated by org.testng.reporters.JUnitReportReporter -->
<testsuite skipped="0" hostname="DESKTOP-OP4HRB2" name="GoogleTest.TC_001" tests="2" failures="0" timestamp="25 Nov 2019 01:30:02 GMT" time="28.480" errors="0">
  <testcase name="Test_2" time="16.682" classname="GoogleTest.TC_001"/>
  <testcase name="Test_1" time="11.798" classname="GoogleTest.TC_001"/>
</testsuite> <!-- GoogleTest.TC_001 -->
