<?xml version="1.0" encoding="UTF-8"?>
<!-- Generated by org.testng.reporters.JUnitReportReporter -->
<testsuite skipped="0" hostname="Philbin" name="GoogleTest.TC_001" tests="2" failures="0" timestamp="29 Nov 2019 06:04:11 GMT" time="32.714" errors="0">
  <testcase name="Test_1" time="13.500" classname="GoogleTest.TC_001"/>
  <testcase name="Test_2" time="19.214" classname="GoogleTest.TC_001"/>
</testsuite> <!-- GoogleTest.TC_001 -->
